#
# There is insufficient memory for the Java Runtime Environment to continue.
# Native memory allocation (malloc) failed to allocate 540016 bytes for Chunk::new
# Possible reasons:
#   The system is out of physical RAM or swap space
#   The process is running with CompressedOops enabled, and the Java Heap may be blocking the growth of the native heap
# Possible solutions:
#   Reduce memory load on the system
#   Increase physical memory or swap space
#   Check if swap backing store is full
#   Decrease Java heap size (-Xmx/-Xms)
#   Decrease number of Java threads
#   Decrease Java thread stack sizes (-Xss)
#   Set larger code cache with -XX:ReservedCodeCacheSize=
#   JVM is running with Unscaled Compressed Oops mode in which the Java heap is
#     placed in the first 4GB address space. The Java Heap base address is the
#     maximum limit for the native heap growth. Please use -XX:HeapBaseMinAddress
#     to set the Java Heap base and to place the Java Heap above 4GB virtual address.
# This output file may be truncated or incomplete.
#
#  Out of Memory Error (arena.cpp:184), pid=7812, tid=25812
#
# JRE version: Java(TM) SE Runtime Environment (20.0.2+9) (build 20.0.2+9-78)
# Java VM: Java HotSpot(TM) 64-Bit Server VM (20.0.2+9-78, mixed mode, sharing, tiered, compressed oops, compressed class ptrs, g1 gc, windows-amd64)
# No core dump will be written. Minidumps are not enabled by default on client versions of Windows
#

---------------  S U M M A R Y ------------

Command Line: -Dfile.encoding=UTF-8 --module-path=C:\Users\hp\OneDrive\Documents\NetBeansProjects\HotelManagementSystem\build\classes hotelmanagementsystem.Rooms

Host: 11th Gen Intel(R) Core(TM) i5-1155G7 @ 2.50GHz, 8 cores, 7G,  Windows 11 , 64 bit Build 22621 (10.0.22621.2506)
Time: Thu Jan 18 00:33:46 2024 India Standard Time elapsed time: 0.749992 seconds (0d 0h 0m 0s)

---------------  T H R E A D  ---------------

Current thread (0x000001e2fa2e2bb0):  JavaThread "C2 CompilerThread0" daemon [_thread_in_native, id=25812, stack(0x0000005231c00000,0x0000005231d00000)]


Current CompileTask:
C2:    750 1290       4       sun.security.ec.ECOperations::setDouble (463 bytes)

Stack: [0x0000005231c00000,0x0000005231d00000]
Native frames: (J=compiled Java code, j=interpreted, Vv=VM code, C=native code)
V  [jvm.dll+0x6bc25a]
V  [jvm.dll+0x84971a]
V  [jvm.dll+0x84b315]
V  [jvm.dll+0x84ba13]
V  [jvm.dll+0x280e4f]
V  [jvm.dll+0xc2ab1]
V  [jvm.dll+0xc2dd5]
V  [jvm.dll+0x2f611f]
V  [jvm.dll+0x5e3b0b]
V  [jvm.dll+0x254684]
V  [jvm.dll+0x24cfa4]
V  [jvm.dll+0x24a819]
V  [jvm.dll+0x1ce761]
V  [jvm.dll+0x25a0eb]
V  [jvm.dll+0x2587c0]
V  [jvm.dll+0x3f2dd5]
V  [jvm.dll+0x7f5c76]
V  [jvm.dll+0x6baecb]
C  [ucrtbase.dll+0x29363]
C  [KERNEL32.DLL+0x1257d]
C  [ntdll.dll+0x5aa58]


---------------  P R O C E S S  ---------------

Threads class SMR info:
_java_thread_list=0x000001e2fe8e87c0, length=16, elements={
0x000001e2dd9b6470, 0x000001e2fa2ce620, 0x000001e2fa2cfb20, 0x000001e2fa2d37b0,
0x000001e2fa2d5350, 0x000001e2fa2d6d90, 0x000001e2fa2df900, 0x000001e2fa2e2bb0,
0x000001e2fa2eb4a0, 0x000001e2fe5d0e60, 0x000001e2fe5d28f0, 0x000001e2fa2e98d0,
0x000001e2fe5d13b0, 0x000001e2fe5d1900, 0x000001e2fe5d1e50, 0x000001e2fe5d23a0
}

Java Threads: ( => current thread )
  0x000001e2dd9b6470 JavaThread "main" [_thread_in_Java, id=26736, stack(0x0000005230f00000,0x0000005231000000)]
  0x000001e2fa2ce620 JavaThread "Reference Handler" daemon [_thread_blocked, id=25140, stack(0x0000005231600000,0x0000005231700000)]
  0x000001e2fa2cfb20 JavaThread "Finalizer" daemon [_thread_blocked, id=11280, stack(0x0000005231700000,0x0000005231800000)]
  0x000001e2fa2d37b0 JavaThread "Signal Dispatcher" daemon [_thread_blocked, id=17784, stack(0x0000005231800000,0x0000005231900000)]
  0x000001e2fa2d5350 JavaThread "Attach Listener" daemon [_thread_blocked, id=27372, stack(0x0000005231900000,0x0000005231a00000)]
  0x000001e2fa2d6d90 JavaThread "Service Thread" daemon [_thread_blocked, id=27168, stack(0x0000005231a00000,0x0000005231b00000)]
  0x000001e2fa2df900 JavaThread "Monitor Deflation Thread" daemon [_thread_blocked, id=31636, stack(0x0000005231b00000,0x0000005231c00000)]
=>0x000001e2fa2e2bb0 JavaThread "C2 CompilerThread0" daemon [_thread_in_native, id=25812, stack(0x0000005231c00000,0x0000005231d00000)]
  0x000001e2fa2eb4a0 JavaThread "C1 CompilerThread0" daemon [_thread_in_native, id=18288, stack(0x0000005231d00000,0x0000005231e00000)]
  0x000001e2fe5d0e60 JavaThread "Common-Cleaner" daemon [_thread_blocked, id=12096, stack(0x0000005231e00000,0x0000005231f00000)]
  0x000001e2fe5d28f0 JavaThread "Notification Thread" daemon [_thread_blocked, id=16960, stack(0x0000005231f00000,0x0000005232000000)]
  0x000001e2fa2e98d0 JavaThread "C2 CompilerThread1" daemon [_thread_in_native, id=18896, stack(0x0000005232100000,0x0000005232200000)]
  0x000001e2fe5d13b0 JavaThread "Java2D Disposer" daemon [_thread_blocked, id=5284, stack(0x0000005232200000,0x0000005232300000)]
  0x000001e2fe5d1900 JavaThread "AWT-Shutdown" [_thread_blocked, id=17748, stack(0x0000005232300000,0x0000005232400000)]
  0x000001e2fe5d1e50 JavaThread "AWT-Windows" daemon [_thread_in_native, id=27020, stack(0x0000005232400000,0x0000005232500000)]
  0x000001e2fe5d23a0 JavaThread "mysql-cj-abandoned-connection-cleanup" daemon [_thread_blocked, id=27820, stack(0x0000005232500000,0x0000005232600000)]

Other Threads:
  0x000001e2fa2b3340 VMThread "VM Thread" [stack: 0x0000005231500000,0x0000005231600000] [id=796]
  0x000001e2fe686290 WatcherThread "VM Periodic Task Thread" [stack: 0x0000005232000000,0x0000005232100000] [id=1940]
  0x000001e2dda16140 WorkerThread "GC Thread#0" [stack: 0x0000005231000000,0x0000005231100000] [id=24632]
  0x000001e2dda26890 ConcurrentGCThread "G1 Main Marker" [stack: 0x0000005231100000,0x0000005231200000] [id=28048]
  0x000001e2dda272c0 WorkerThread "G1 Conc#0" [stack: 0x0000005231200000,0x0000005231300000] [id=3044]
  0x000001e2dda7e440 ConcurrentGCThread "G1 Refine#0" [stack: 0x0000005231300000,0x0000005231400000] [id=13812]
  0x000001e2fa170140 ConcurrentGCThread "G1 Service" [stack: 0x0000005231400000,0x0000005231500000] [id=22816]

Threads with active compile tasks:
C2 CompilerThread0      765 1290       4       sun.security.ec.ECOperations::setDouble (463 bytes)
C2 CompilerThread1      765 1333   !   4       java.util.concurrent.ConcurrentHashMap::transfer (849 bytes)

VM state: not at safepoint (normal execution)

VM Mutex/Monitor currently owned by a thread: None

Heap address: 0x0000000083e00000, size: 1986 MB, Compressed Oops mode: 32-bit

CDS archive(s) mapped at: [0x000001e280000000-0x000001e280c60000-0x000001e280c60000), size 12976128, SharedBaseAddress: 0x000001e280000000, ArchiveRelocationMode: 1.
Compressed class space mapped at: 0x000001e281000000-0x000001e2c1000000, reserved size: 1073741824
Narrow klass base: 0x000001e280000000, Narrow klass shift: 0, Narrow klass range: 0x100000000

GC Precious Log:
 CardTable entry size: 512
 Card Set container configuration: InlinePtr #cards 5 size 8 Array Of Cards #cards 12 size 40 Howl #buckets 4 coarsen threshold 1843 Howl Bitmap #cards 512 size 80 coarsen threshold 460 Card regions per heap region 1 cards per card region 2048
 CPUs: 8 total, 8 available
 Memory: 7941M
 Large Page Support: Disabled
 NUMA Support: Disabled
 Compressed Oops: Enabled (32-bit)
 Heap Region Size: 1M
 Heap Min Capacity: 8M
 Heap Initial Capacity: 126M
 Heap Max Capacity: 1986M
 Pre-touch: Disabled
 Parallel Workers: 8
 Concurrent Workers: 2
 Concurrent Refinement Workers: 8
 Periodic GC: Disabled

Heap:
 garbage-first heap   total 129024K, used 16384K [0x0000000083e00000, 0x0000000100000000)
  region size 1024K, 18 young (18432K), 0 survivors (0K)
 Metaspace       used 13574K, committed 13760K, reserved 1114112K
  class space    used 1484K, committed 1536K, reserved 1048576K

Heap Regions: E=young(eden), S=young(survivor), O=old, HS=humongous(starts), HC=humongous(continues), CS=collection set, F=free, OA=open archive, CA=closed archive, TAMS=top-at-mark-start, PB=parsable bottom
|   0|0x0000000083e00000, 0x0000000083e00000, 0x0000000083f00000|  0%| F|  |TAMS 0x0000000083e00000| PB 0x0000000083e00000| Untracked 
|   1|0x0000000083f00000, 0x0000000083f00000, 0x0000000084000000|  0%| F|  |TAMS 0x0000000083f00000| PB 0x0000000083f00000| Untracked 
|   2|0x0000000084000000, 0x0000000084000000, 0x0000000084100000|  0%| F|  |TAMS 0x0000000084000000| PB 0x0000000084000000| Untracked 
|   3|0x0000000084100000, 0x0000000084100000, 0x0000000084200000|  0%| F|  |TAMS 0x0000000084100000| PB 0x0000000084100000| Untracked 
|   4|0x0000000084200000, 0x0000000084200000, 0x0000000084300000|  0%| F|  |TAMS 0x0000000084200000| PB 0x0000000084200000| Untracked 
|   5|0x0000000084300000, 0x0000000084300000, 0x0000000084400000|  0%| F|  |TAMS 0x0000000084300000| PB 0x0000000084300000| Untracked 
|   6|0x0000000084400000, 0x0000000084400000, 0x0000000084500000|  0%| F|  |TAMS 0x0000000084400000| PB 0x0000000084400000| Untracked 
|   7|0x0000000084500000, 0x0000000084500000, 0x0000000084600000|  0%| F|  |TAMS 0x0000000084500000| PB 0x0000000084500000| Untracked 
|   8|0x0000000084600000, 0x0000000084600000, 0x0000000084700000|  0%| F|  |TAMS 0x0000000084600000| PB 0x0000000084600000| Untracked 
|   9|0x0000000084700000, 0x0000000084700000, 0x0000000084800000|  0%| F|  |TAMS 0x0000000084700000| PB 0x0000000084700000| Untracked 
|  10|0x0000000084800000, 0x0000000084800000, 0x0000000084900000|  0%| F|  |TAMS 0x0000000084800000| PB 0x0000000084800000| Untracked 
|  11|0x0000000084900000, 0x0000000084900000, 0x0000000084a00000|  0%| F|  |TAMS 0x0000000084900000| PB 0x0000000084900000| Untracked 
|  12|0x0000000084a00000, 0x0000000084a00000, 0x0000000084b00000|  0%| F|  |TAMS 0x0000000084a00000| PB 0x0000000084a00000| Untracked 
|  13|0x0000000084b00000, 0x0000000084b00000, 0x0000000084c00000|  0%| F|  |TAMS 0x0000000084b00000| PB 0x0000000084b00000| Untracked 
|  14|0x0000000084c00000, 0x0000000084c00000, 0x0000000084d00000|  0%| F|  |TAMS 0x0000000084c00000| PB 0x0000000084c00000| Untracked 
|  15|0x0000000084d00000, 0x0000000084d00000, 0x0000000084e00000|  0%| F|  |TAMS 0x0000000084d00000| PB 0x0000000084d00000| Untracked 
|  16|0x0000000084e00000, 0x0000000084e00000, 0x0000000084f00000|  0%| F|  |TAMS 0x0000000084e00000| PB 0x0000000084e00000| Untracked 
|  17|0x0000000084f00000, 0x0000000084f00000, 0x0000000085000000|  0%| F|  |TAMS 0x0000000084f00000| PB 0x0000000084f00000| Untracked 
|  18|0x0000000085000000, 0x0000000085000000, 0x0000000085100000|  0%| F|  |TAMS 0x0000000085000000| PB 0x0000000085000000| Untracked 
|  19|0x0000000085100000, 0x0000000085100000, 0x0000000085200000|  0%| F|  |TAMS 0x0000000085100000| PB 0x0000000085100000| Untracked 
|  20|0x0000000085200000, 0x0000000085200000, 0x0000000085300000|  0%| F|  |TAMS 0x0000000085200000| PB 0x0000000085200000| Untracked 
|  21|0x0000000085300000, 0x0000000085300000, 0x0000000085400000|  0%| F|  |TAMS 0x0000000085300000| PB 0x0000000085300000| Untracked 
|  22|0x0000000085400000, 0x0000000085400000, 0x0000000085500000|  0%| F|  |TAMS 0x0000000085400000| PB 0x0000000085400000| Untracked 
|  23|0x0000000085500000, 0x0000000085500000, 0x0000000085600000|  0%| F|  |TAMS 0x0000000085500000| PB 0x0000000085500000| Untracked 
|  24|0x0000000085600000, 0x0000000085600000, 0x0000000085700000|  0%| F|  |TAMS 0x0000000085600000| PB 0x0000000085600000| Untracked 
|  25|0x0000000085700000, 0x0000000085700000, 0x0000000085800000|  0%| F|  |TAMS 0x0000000085700000| PB 0x0000000085700000| Untracked 
|  26|0x0000000085800000, 0x0000000085800000, 0x0000000085900000|  0%| F|  |TAMS 0x0000000085800000| PB 0x0000000085800000| Untracked 
|  27|0x0000000085900000, 0x0000000085900000, 0x0000000085a00000|  0%| F|  |TAMS 0x0000000085900000| PB 0x0000000085900000| Untracked 
|  28|0x0000000085a00000, 0x0000000085a00000, 0x0000000085b00000|  0%| F|  |TAMS 0x0000000085a00000| PB 0x0000000085a00000| Untracked 
|  29|0x0000000085b00000, 0x0000000085b00000, 0x0000000085c00000|  0%| F|  |TAMS 0x0000000085b00000| PB 0x0000000085b00000| Untracked 
|  30|0x0000000085c00000, 0x0000000085c00000, 0x0000000085d00000|  0%| F|  |TAMS 0x0000000085c00000| PB 0x0000000085c00000| Untracked 
|  31|0x0000000085d00000, 0x0000000085d00000, 0x0000000085e00000|  0%| F|  |TAMS 0x0000000085d00000| PB 0x0000000085d00000| Untracked 
|  32|0x0000000085e00000, 0x0000000085e00000, 0x0000000085f00000|  0%| F|  |TAMS 0x0000000085e00000| PB 0x0000000085e00000| Untracked 
|  33|0x0000000085f00000, 0x0000000085f00000, 0x0000000086000000|  0%| F|  |TAMS 0x0000000085f00000| PB 0x0000000085f00000| Untracked 
|  34|0x0000000086000000, 0x0000000086000000, 0x0000000086100000|  0%| F|  |TAMS 0x0000000086000000| PB 0x0000000086000000| Untracked 
|  35|0x0000000086100000, 0x0000000086100000, 0x0000000086200000|  0%| F|  |TAMS 0x0000000086100000| PB 0x0000000086100000| Untracked 
|  36|0x0000000086200000, 0x0000000086200000, 0x0000000086300000|  0%| F|  |TAMS 0x0000000086200000| PB 0x0000000086200000| Untracked 
|  37|0x0000000086300000, 0x0000000086300000, 0x0000000086400000|  0%| F|  |TAMS 0x0000000086300000| PB 0x0000000086300000| Untracked 
|  38|0x0000000086400000, 0x0000000086400000, 0x0000000086500000|  0%| F|  |TAMS 0x0000000086400000| PB 0x0000000086400000| Untracked 
|  39|0x0000000086500000, 0x0000000086500000, 0x0000000086600000|  0%| F|  |TAMS 0x0000000086500000| PB 0x0000000086500000| Untracked 
|  40|0x0000000086600000, 0x0000000086600000, 0x0000000086700000|  0%| F|  |TAMS 0x0000000086600000| PB 0x0000000086600000| Untracked 
|  41|0x0000000086700000, 0x0000000086700000, 0x0000000086800000|  0%| F|  |TAMS 0x0000000086700000| PB 0x0000000086700000| Untracked 
|  42|0x0000000086800000, 0x0000000086800000, 0x0000000086900000|  0%| F|  |TAMS 0x0000000086800000| PB 0x0000000086800000| Untracked 
|  43|0x0000000086900000, 0x0000000086900000, 0x0000000086a00000|  0%| F|  |TAMS 0x0000000086900000| PB 0x0000000086900000| Untracked 
|  44|0x0000000086a00000, 0x0000000086a00000, 0x0000000086b00000|  0%| F|  |TAMS 0x0000000086a00000| PB 0x0000000086a00000| Untracked 
|  45|0x0000000086b00000, 0x0000000086b00000, 0x0000000086c00000|  0%| F|  |TAMS 0x0000000086b00000| PB 0x0000000086b00000| Untracked 
|  46|0x0000000086c00000, 0x0000000086c00000, 0x0000000086d00000|  0%| F|  |TAMS 0x0000000086c00000| PB 0x0000000086c00000| Untracked 
|  47|0x0000000086d00000, 0x0000000086d00000, 0x0000000086e00000|  0%| F|  |TAMS 0x0000000086d00000| PB 0x0000000086d00000| Untracked 
|  48|0x0000000086e00000, 0x0000000086e00000, 0x0000000086f00000|  0%| F|  |TAMS 0x0000000086e00000| PB 0x0000000086e00000| Untracked 
|  49|0x0000000086f00000, 0x0000000086f00000, 0x0000000087000000|  0%| F|  |TAMS 0x0000000086f00000| PB 0x0000000086f00000| Untracked 
|  50|0x0000000087000000, 0x0000000087000000, 0x0000000087100000|  0%| F|  |TAMS 0x0000000087000000| PB 0x0000000087000000| Untracked 
|  51|0x0000000087100000, 0x0000000087100000, 0x0000000087200000|  0%| F|  |TAMS 0x0000000087100000| PB 0x0000000087100000| Untracked 
|  52|0x0000000087200000, 0x0000000087200000, 0x0000000087300000|  0%| F|  |TAMS 0x0000000087200000| PB 0x0000000087200000| Untracked 
|  53|0x0000000087300000, 0x0000000087300000, 0x0000000087400000|  0%| F|  |TAMS 0x0000000087300000| PB 0x0000000087300000| Untracked 
|  54|0x0000000087400000, 0x0000000087400000, 0x0000000087500000|  0%| F|  |TAMS 0x0000000087400000| PB 0x0000000087400000| Untracked 
|  55|0x0000000087500000, 0x0000000087500000, 0x0000000087600000|  0%| F|  |TAMS 0x0000000087500000| PB 0x0000000087500000| Untracked 
|  56|0x0000000087600000, 0x0000000087600000, 0x0000000087700000|  0%| F|  |TAMS 0x0000000087600000| PB 0x0000000087600000| Untracked 
|  57|0x0000000087700000, 0x0000000087700000, 0x0000000087800000|  0%| F|  |TAMS 0x0000000087700000| PB 0x0000000087700000| Untracked 
|  58|0x0000000087800000, 0x0000000087800000, 0x0000000087900000|  0%| F|  |TAMS 0x0000000087800000| PB 0x0000000087800000| Untracked 
|  59|0x0000000087900000, 0x0000000087900000, 0x0000000087a00000|  0%| F|  |TAMS 0x0000000087900000| PB 0x0000000087900000| Untracked 
|  60|0x0000000087a00000, 0x0000000087a00000, 0x0000000087b00000|  0%| F|  |TAMS 0x0000000087a00000| PB 0x0000000087a00000| Untracked 
|  61|0x0000000087b00000, 0x0000000087b00000, 0x0000000087c00000|  0%| F|  |TAMS 0x0000000087b00000| PB 0x0000000087b00000| Untracked 
|  62|0x0000000087c00000, 0x0000000087c00000, 0x0000000087d00000|  0%| F|  |TAMS 0x0000000087c00000| PB 0x0000000087c00000| Untracked 
|  63|0x0000000087d00000, 0x0000000087d00000, 0x0000000087e00000|  0%| F|  |TAMS 0x0000000087d00000| PB 0x0000000087d00000| Untracked 
|  64|0x0000000087e00000, 0x0000000087e00000, 0x0000000087f00000|  0%| F|  |TAMS 0x0000000087e00000| PB 0x0000000087e00000| Untracked 
|  65|0x0000000087f00000, 0x0000000087f00000, 0x0000000088000000|  0%| F|  |TAMS 0x0000000087f00000| PB 0x0000000087f00000| Untracked 
|  66|0x0000000088000000, 0x0000000088000000, 0x0000000088100000|  0%| F|  |TAMS 0x0000000088000000| PB 0x0000000088000000| Untracked 
|  67|0x0000000088100000, 0x0000000088100000, 0x0000000088200000|  0%| F|  |TAMS 0x0000000088100000| PB 0x0000000088100000| Untracked 
|  68|0x0000000088200000, 0x0000000088200000, 0x0000000088300000|  0%| F|  |TAMS 0x0000000088200000| PB 0x0000000088200000| Untracked 
|  69|0x0000000088300000, 0x0000000088300000, 0x0000000088400000|  0%| F|  |TAMS 0x0000000088300000| PB 0x0000000088300000| Untracked 
|  70|0x0000000088400000, 0x0000000088400000, 0x0000000088500000|  0%| F|  |TAMS 0x0000000088400000| PB 0x0000000088400000| Untracked 
|  71|0x0000000088500000, 0x0000000088500000, 0x0000000088600000|  0%| F|  |TAMS 0x0000000088500000| PB 0x0000000088500000| Untracked 
|  72|0x0000000088600000, 0x0000000088600000, 0x0000000088700000|  0%| F|  |TAMS 0x0000000088600000| PB 0x0000000088600000| Untracked 
|  73|0x0000000088700000, 0x0000000088700000, 0x0000000088800000|  0%| F|  |TAMS 0x0000000088700000| PB 0x0000000088700000| Untracked 
|  74|0x0000000088800000, 0x0000000088800000, 0x0000000088900000|  0%| F|  |TAMS 0x0000000088800000| PB 0x0000000088800000| Untracked 
|  75|0x0000000088900000, 0x0000000088900000, 0x0000000088a00000|  0%| F|  |TAMS 0x0000000088900000| PB 0x0000000088900000| Untracked 
|  76|0x0000000088a00000, 0x0000000088a00000, 0x0000000088b00000|  0%| F|  |TAMS 0x0000000088a00000| PB 0x0000000088a00000| Untracked 
|  77|0x0000000088b00000, 0x0000000088b00000, 0x0000000088c00000|  0%| F|  |TAMS 0x0000000088b00000| PB 0x0000000088b00000| Untracked 
|  78|0x0000000088c00000, 0x0000000088c00000, 0x0000000088d00000|  0%| F|  |TAMS 0x0000000088c00000| PB 0x0000000088c00000| Untracked 
|  79|0x0000000088d00000, 0x0000000088d00000, 0x0000000088e00000|  0%| F|  |TAMS 0x0000000088d00000| PB 0x0000000088d00000| Untracked 
|  80|0x0000000088e00000, 0x0000000088e00000, 0x0000000088f00000|  0%| F|  |TAMS 0x0000000088e00000| PB 0x0000000088e00000| Untracked 
|  81|0x0000000088f00000, 0x0000000088f00000, 0x0000000089000000|  0%| F|  |TAMS 0x0000000088f00000| PB 0x0000000088f00000| Untracked 
|  82|0x0000000089000000, 0x0000000089000000, 0x0000000089100000|  0%| F|  |TAMS 0x0000000089000000| PB 0x0000000089000000| Untracked 
|  83|0x0000000089100000, 0x0000000089100000, 0x0000000089200000|  0%| F|  |TAMS 0x0000000089100000| PB 0x0000000089100000| Untracked 
|  84|0x0000000089200000, 0x0000000089200000, 0x0000000089300000|  0%| F|  |TAMS 0x0000000089200000| PB 0x0000000089200000| Untracked 
|  85|0x0000000089300000, 0x0000000089300000, 0x0000000089400000|  0%| F|  |TAMS 0x0000000089300000| PB 0x0000000089300000| Untracked 
|  86|0x0000000089400000, 0x0000000089400000, 0x0000000089500000|  0%| F|  |TAMS 0x0000000089400000| PB 0x0000000089400000| Untracked 
|  87|0x0000000089500000, 0x0000000089500000, 0x0000000089600000|  0%| F|  |TAMS 0x0000000089500000| PB 0x0000000089500000| Untracked 
|  88|0x0000000089600000, 0x0000000089600000, 0x0000000089700000|  0%| F|  |TAMS 0x0000000089600000| PB 0x0000000089600000| Untracked 
|  89|0x0000000089700000, 0x0000000089700000, 0x0000000089800000|  0%| F|  |TAMS 0x0000000089700000| PB 0x0000000089700000| Untracked 
|  90|0x0000000089800000, 0x0000000089800000, 0x0000000089900000|  0%| F|  |TAMS 0x0000000089800000| PB 0x0000000089800000| Untracked 
|  91|0x0000000089900000, 0x0000000089900000, 0x0000000089a00000|  0%| F|  |TAMS 0x0000000089900000| PB 0x0000000089900000| Untracked 
|  92|0x0000000089a00000, 0x0000000089a00000, 0x0000000089b00000|  0%| F|  |TAMS 0x0000000089a00000| PB 0x0000000089a00000| Untracked 
|  93|0x0000000089b00000, 0x0000000089b00000, 0x0000000089c00000|  0%| F|  |TAMS 0x0000000089b00000| PB 0x0000000089b00000| Untracked 
|  94|0x0000000089c00000, 0x0000000089c00000, 0x0000000089d00000|  0%| F|  |TAMS 0x0000000089c00000| PB 0x0000000089c00000| Untracked 
|  95|0x0000000089d00000, 0x0000000089d00000, 0x0000000089e00000|  0%| F|  |TAMS 0x0000000089d00000| PB 0x0000000089d00000| Untracked 
|  96|0x0000000089e00000, 0x0000000089e00000, 0x0000000089f00000|  0%| F|  |TAMS 0x0000000089e00000| PB 0x0000000089e00000| Untracked 
|  97|0x0000000089f00000, 0x0000000089f00000, 0x000000008a000000|  0%| F|  |TAMS 0x0000000089f00000| PB 0x0000000089f00000| Untracked 
|  98|0x000000008a000000, 0x000000008a000000, 0x000000008a100000|  0%| F|  |TAMS 0x000000008a000000| PB 0x000000008a000000| Untracked 
|  99|0x000000008a100000, 0x000000008a100000, 0x000000008a200000|  0%| F|  |TAMS 0x000000008a100000| PB 0x000000008a100000| Untracked 
| 100|0x000000008a200000, 0x000000008a200000, 0x000000008a300000|  0%| F|  |TAMS 0x000000008a200000| PB 0x000000008a200000| Untracked 
| 101|0x000000008a300000, 0x000000008a300000, 0x000000008a400000|  0%| F|  |TAMS 0x000000008a300000| PB 0x000000008a300000| Untracked 
| 102|0x000000008a400000, 0x000000008a400000, 0x000000008a500000|  0%| F|  |TAMS 0x000000008a400000| PB 0x000000008a400000| Untracked 
| 103|0x000000008a500000, 0x000000008a500000, 0x000000008a600000|  0%| F|  |TAMS 0x000000008a500000| PB 0x000000008a500000| Untracked 
| 104|0x000000008a600000, 0x000000008a600000, 0x000000008a700000|  0%| F|  |TAMS 0x000000008a600000| PB 0x000000008a600000| Untracked 
| 105|0x000000008a700000, 0x000000008a700000, 0x000000008a800000|  0%| F|  |TAMS 0x000000008a700000| PB 0x000000008a700000| Untracked 
| 106|0x000000008a800000, 0x000000008a800000, 0x000000008a900000|  0%| F|  |TAMS 0x000000008a800000| PB 0x000000008a800000| Untracked 
| 107|0x000000008a900000, 0x000000008a900000, 0x000000008aa00000|  0%| F|  |TAMS 0x000000008a900000| PB 0x000000008a900000| Untracked 
| 108|0x000000008aa00000, 0x000000008aaed010, 0x000000008ab00000| 92%| E|  |TAMS 0x000000008aa00000| PB 0x000000008aa00000| Complete 
| 109|0x000000008ab00000, 0x000000008ac00000, 0x000000008ac00000|100%| E|CS|TAMS 0x000000008ab00000| PB 0x000000008ab00000| Complete 
| 110|0x000000008ac00000, 0x000000008ad00000, 0x000000008ad00000|100%| E|CS|TAMS 0x000000008ac00000| PB 0x000000008ac00000| Complete 
| 111|0x000000008ad00000, 0x000000008ae00000, 0x000000008ae00000|100%| E|CS|TAMS 0x000000008ad00000| PB 0x000000008ad00000| Complete 
| 112|0x000000008ae00000, 0x000000008af00000, 0x000000008af00000|100%| E|CS|TAMS 0x000000008ae00000| PB 0x000000008ae00000| Complete 
| 113|0x000000008af00000, 0x000000008b000000, 0x000000008b000000|100%| E|CS|TAMS 0x000000008af00000| PB 0x000000008af00000| Complete 
| 114|0x000000008b000000, 0x000000008b100000, 0x000000008b100000|100%| E|CS|TAMS 0x000000008b000000| PB 0x000000008b000000| Complete 
| 115|0x000000008b100000, 0x000000008b200000, 0x000000008b200000|100%| E|CS|TAMS 0x000000008b100000| PB 0x000000008b100000| Complete 
| 116|0x000000008b200000, 0x000000008b300000, 0x000000008b300000|100%| E|CS|TAMS 0x000000008b200000| PB 0x000000008b200000| Complete 
| 117|0x000000008b300000, 0x000000008b400000, 0x000000008b400000|100%| E|  |TAMS 0x000000008b300000| PB 0x000000008b300000| Complete 
| 118|0x000000008b400000, 0x000000008b500000, 0x000000008b500000|100%| E|CS|TAMS 0x000000008b400000| PB 0x000000008b400000| Complete 
| 119|0x000000008b500000, 0x000000008b600000, 0x000000008b600000|100%| E|CS|TAMS 0x000000008b500000| PB 0x000000008b500000| Complete 
| 120|0x000000008b600000, 0x000000008b700000, 0x000000008b700000|100%| E|CS|TAMS 0x000000008b600000| PB 0x000000008b600000| Complete 
| 121|0x000000008b700000, 0x000000008b800000, 0x000000008b800000|100%| E|CS|TAMS 0x000000008b700000| PB 0x000000008b700000| Complete 
| 122|0x000000008b800000, 0x000000008b900000, 0x000000008b900000|100%| E|CS|TAMS 0x000000008b800000| PB 0x000000008b800000| Complete 
| 123|0x000000008b900000, 0x000000008ba00000, 0x000000008ba00000|100%| E|CS|TAMS 0x000000008b900000| PB 0x000000008b900000| Complete 
| 124|0x000000008ba00000, 0x000000008bb00000, 0x000000008bb00000|100%| E|CS|TAMS 0x000000008ba00000| PB 0x000000008ba00000| Complete 
| 125|0x000000008bb00000, 0x000000008bc00000, 0x000000008bc00000|100%| E|CS|TAMS 0x000000008bb00000| PB 0x000000008bb00000| Complete 

Card table byte_map: [0x000001e2f51c0000,0x000001e2f55b0000] _byte_map_base: 0x000001e2f4da1000

Marking Bits: (CMBitMap*) 0x000001e2dda16770
 Bits: [0x000001e2f59a0000, 0x000001e2f78a8000)

Polling page: 0x000001e2db9a0000

Metaspace:

Usage:
  Non-class:     11.86 MB used.
      Class:      1.46 MB used.
       Both:     13.32 MB used.

Virtual space:
  Non-class space:       64.00 MB reserved,      12.00 MB ( 19%) committed,  1 nodes.
      Class space:        1.00 GB reserved,       1.56 MB ( <1%) committed,  1 nodes.
             Both:        1.06 GB reserved,      13.56 MB (  1%) committed. 

Chunk freelists:
   Non-Class:  0 bytes
       Class:  2.48 MB
        Both:  2.48 MB

MaxMetaspaceSize: unlimited
CompressedClassSpaceSize: 1.00 GB
Initial GC threshold: 21.00 MB
Current GC threshold: 21.00 MB
CDS: on
MetaspaceReclaimPolicy: balanced
 - commit_granule_bytes: 65536.
 - commit_granule_words: 8192.
 - virtual_space_node_default_size: 8388608.
 - enlarge_chunks_in_place: 1.
 - new_chunks_are_fully_committed: 0.
 - uncommit_free_chunks: 1.
 - use_allocation_guard: 0.


Internal statistics:

num_allocs_failed_limit: 0.
num_arena_births: 158.
num_arena_deaths: 0.
num_vsnodes_births: 2.
num_vsnodes_deaths: 0.
num_space_committed: 217.
num_space_uncommitted: 0.
num_chunks_returned_to_freelist: 0.
num_chunks_taken_from_freelist: 338.
num_chunk_merges: 0.
num_chunk_splits: 204.
num_chunks_enlarged: 117.
num_inconsistent_stats: 0.

CodeHeap 'non-profiled nmethods': size=120000Kb used=487Kb max_used=487Kb free=119512Kb
 bounds [0x000001e2ed560000, 0x000001e2ed7d0000, 0x000001e2f4a90000]
CodeHeap 'profiled nmethods': size=120000Kb used=2217Kb max_used=2217Kb free=117782Kb
 bounds [0x000001e2e5a90000, 0x000001e2e5d00000, 0x000001e2ecfc0000]
CodeHeap 'non-nmethods': size=5760Kb used=1755Kb max_used=1772Kb free=4004Kb
 bounds [0x000001e2ecfc0000, 0x000001e2ed230000, 0x000001e2ed560000]
 total_blobs=1970 nmethods=1356 adapters=525
 compilation: enabled
              stopped_count=0, restarted_count=0
 full_count=0

Compilation events (20 events):
Event: 0.734 Thread 0x000001e2fa2eb4a0 nmethod 1301 0x000001e2e5ca0110 code [0x000001e2e5ca02c0, 0x000001e2e5ca0540]
Event: 0.734 Thread 0x000001e2fa2eb4a0 1303       3       java.nio.MappedByteBuffer::limit (8 bytes)
Event: 0.734 Thread 0x000001e2fa2e98d0 nmethod 1302 0x000001e2ed5d6a10 code [0x000001e2ed5d6b80, 0x000001e2ed5d6bf0]
Event: 0.734 Thread 0x000001e2fa2eb4a0 nmethod 1303 0x000001e2e5ca0690 code [0x000001e2e5ca0820, 0x000001e2e5ca09d0]
Event: 0.736 Thread 0x000001e2fa2eb4a0 1305       3       java.lang.invoke.LambdaForm::normalize (322 bytes)
Event: 0.736 Thread 0x000001e2fa2e98d0 1306       4       jdk.internal.org.objectweb.asm.SymbolTable$Entry::<init> (17 bytes)
Event: 0.737 Thread 0x000001e2fa2eb4a0 nmethod 1305 0x000001e2e5ca0a90 code [0x000001e2e5ca0d40, 0x000001e2e5ca2048]
Event: 0.737 Thread 0x000001e2fa2eb4a0 1307       3       java.lang.invoke.BoundMethodHandle$Species_L::<init> (12 bytes)
Event: 0.737 Thread 0x000001e2fa2eb4a0 nmethod 1307 0x000001e2e5ca2690 code [0x000001e2e5ca2820, 0x000001e2e5ca2a40]
Event: 0.737 Thread 0x000001e2fa2e98d0 nmethod 1306 0x000001e2ed5d7010 code [0x000001e2ed5d7180, 0x000001e2ed5d7398]
Event: 0.738 Thread 0x000001e2fa2eb4a0 1308       3       sun.security.provider.SHA5::lf_sigma1 (21 bytes)
Event: 0.738 Thread 0x000001e2fa2eb4a0 nmethod 1308 0x000001e2e5ca2b10 code [0x000001e2e5ca2cc0, 0x000001e2e5ca2f68]
Event: 0.738 Thread 0x000001e2fa2eb4a0 1309       3       sun.security.provider.SHA5::lf_ch (13 bytes)
Event: 0.738 Thread 0x000001e2fa2eb4a0 nmethod 1309 0x000001e2e5ca3110 code [0x000001e2e5ca32a0, 0x000001e2e5ca33a8]
Event: 0.738 Thread 0x000001e2fa2eb4a0 1310       3       sun.security.provider.SHA5::lf_sigma0 (21 bytes)
Event: 0.738 Thread 0x000001e2fa2e98d0 1313       4       java.lang.invoke.VarForm::getMemberName (31 bytes)
Event: 0.738 Thread 0x000001e2fa2eb4a0 nmethod 1310 0x000001e2e5ca3410 code [0x000001e2e5ca35c0, 0x000001e2e5ca3868]
Event: 0.738 Thread 0x000001e2fa2eb4a0 1311       3       sun.security.provider.SHA5::lf_maj (14 bytes)
Event: 0.738 Thread 0x000001e2fa2eb4a0 nmethod 1311 0x000001e2e5ca3a10 code [0x000001e2e5ca3ba0, 0x000001e2e5ca3ca0]
Event: 0.739 Thread 0x000001e2fa2eb4a0 1315       3       java.nio.HeapByteBuffer::ix (7 bytes)

GC Heap History (0 events):
No events

Dll operation events (9 events):
Event: 0.010 Loaded shared library C:\Program Files\Java\jdk-20\bin\java.dll
Event: 0.028 Loaded shared library C:\Program Files\Java\jdk-20\bin\jsvml.dll
Event: 0.090 Loaded shared library C:\Program Files\Java\jdk-20\bin\net.dll
Event: 0.092 Loaded shared library C:\Program Files\Java\jdk-20\bin\nio.dll
Event: 0.114 Loaded shared library C:\Program Files\Java\jdk-20\bin\zip.dll
Event: 0.126 Loaded shared library C:\Program Files\Java\jdk-20\bin\jimage.dll
Event: 0.140 Loaded shared library C:\Program Files\Java\jdk-20\bin\awt.dll
Event: 0.405 Loaded shared library C:\Program Files\Java\jdk-20\bin\extnet.dll
Event: 0.627 Loaded shared library C:\Program Files\Java\jdk-20\bin\sunmscapi.dll

Deoptimization events (20 events):
Event: 0.550 Thread 0x000001e2dd9b6470 Uncommon trap: trap_request=0xffffffc6 fr.pc=0x000001e2ed5aab10 relative=0x00000000000002d0
Event: 0.550 Thread 0x000001e2dd9b6470 Uncommon trap: reason=bimorphic_or_optimized_type_check action=maybe_recompile pc=0x000001e2ed5aab10 method=java.util.concurrent.ConcurrentHashMap.get(Ljava/lang/Object;)Ljava/lang/Object; @ 149 c2
Event: 0.550 Thread 0x000001e2dd9b6470 DEOPT PACKING pc=0x000001e2ed5aab10 sp=0x0000005230ffbe00
Event: 0.550 Thread 0x000001e2dd9b6470 DEOPT UNPACKING pc=0x000001e2ecfdd2a2 sp=0x0000005230ffbd70 mode 2
Event: 0.554 Thread 0x000001e2dd9b6470 Uncommon trap: trap_request=0xffffffc6 fr.pc=0x000001e2ed5aab10 relative=0x00000000000002d0
Event: 0.554 Thread 0x000001e2dd9b6470 Uncommon trap: reason=bimorphic_or_optimized_type_check action=maybe_recompile pc=0x000001e2ed5aab10 method=java.util.concurrent.ConcurrentHashMap.get(Ljava/lang/Object;)Ljava/lang/Object; @ 149 c2
Event: 0.554 Thread 0x000001e2dd9b6470 DEOPT PACKING pc=0x000001e2ed5aab10 sp=0x0000005230ffc990
Event: 0.554 Thread 0x000001e2dd9b6470 DEOPT UNPACKING pc=0x000001e2ecfdd2a2 sp=0x0000005230ffc900 mode 2
Event: 0.555 Thread 0x000001e2dd9b6470 Uncommon trap: trap_request=0xffffffc6 fr.pc=0x000001e2ed5aab10 relative=0x00000000000002d0
Event: 0.555 Thread 0x000001e2dd9b6470 Uncommon trap: reason=bimorphic_or_optimized_type_check action=maybe_recompile pc=0x000001e2ed5aab10 method=java.util.concurrent.ConcurrentHashMap.get(Ljava/lang/Object;)Ljava/lang/Object; @ 149 c2
Event: 0.555 Thread 0x000001e2dd9b6470 DEOPT PACKING pc=0x000001e2ed5aab10 sp=0x0000005230ffc620
Event: 0.555 Thread 0x000001e2dd9b6470 DEOPT UNPACKING pc=0x000001e2ecfdd2a2 sp=0x0000005230ffc590 mode 2
Event: 0.633 Thread 0x000001e2dd9b6470 Uncommon trap: trap_request=0xffffff45 fr.pc=0x000001e2ed5be098 relative=0x0000000000000278
Event: 0.633 Thread 0x000001e2dd9b6470 Uncommon trap: reason=unstable_if action=reinterpret pc=0x000001e2ed5be098 method=java.util.HashMap.putVal(ILjava/lang/Object;Ljava/lang/Object;ZZ)Ljava/lang/Object; @ 162 c2
Event: 0.633 Thread 0x000001e2dd9b6470 DEOPT PACKING pc=0x000001e2ed5be098 sp=0x0000005230ffc420
Event: 0.633 Thread 0x000001e2dd9b6470 DEOPT UNPACKING pc=0x000001e2ecfdd2a2 sp=0x0000005230ffc358 mode 2
Event: 0.731 Thread 0x000001e2dd9b6470 Uncommon trap: trap_request=0xffffff45 fr.pc=0x000001e2ed5ca920 relative=0x0000000000000200
Event: 0.731 Thread 0x000001e2dd9b6470 Uncommon trap: reason=unstable_if action=reinterpret pc=0x000001e2ed5ca920 method=java.lang.invoke.VarHandle.accessModeType(I)Ljava/lang/invoke/MethodType; @ 6 c2
Event: 0.731 Thread 0x000001e2dd9b6470 DEOPT PACKING pc=0x000001e2ed5ca920 sp=0x0000005230ffdf10
Event: 0.731 Thread 0x000001e2dd9b6470 DEOPT UNPACKING pc=0x000001e2ecfdd2a2 sp=0x0000005230ffde78 mode 2

Classes loaded (20 events):
Event: 0.734 Loading class javax/crypto/ShortBufferException
Event: 0.734 Loading class javax/crypto/ShortBufferException done
Event: 0.735 Loading class javax/crypto/spec/SecretKeySpec
Event: 0.735 Loading class javax/crypto/spec/SecretKeySpec done
Event: 0.735 Loading class jdk/internal/access/JavaxCryptoSpecAccess
Event: 0.735 Loading class jdk/internal/access/JavaxCryptoSpecAccess done
Event: 0.737 Loading class sun/security/ssl/HKDF
Event: 0.737 Loading class sun/security/ssl/HKDF done
Event: 0.737 Loading class javax/crypto/Mac
Event: 0.737 Loading class javax/crypto/Mac done
Event: 0.737 Loading class com/sun/crypto/provider/HmacCore$HmacSHA384
Event: 0.737 Loading class com/sun/crypto/provider/HmacCore
Event: 0.737 Loading class javax/crypto/MacSpi
Event: 0.737 Loading class javax/crypto/MacSpi done
Event: 0.737 Loading class com/sun/crypto/provider/HmacCore done
Event: 0.737 Loading class com/sun/crypto/provider/HmacCore$HmacSHA384 done
Event: 0.738 Loading class sun/security/ssl/SSLSecretDerivation
Event: 0.738 Loading class sun/security/ssl/SSLSecretDerivation done
Event: 0.738 Loading class sun/security/ssl/SSLSecretDerivation$SecretSchedule
Event: 0.738 Loading class sun/security/ssl/SSLSecretDerivation$SecretSchedule done

Classes unloaded (0 events):
No events

Classes redefined (0 events):
No events

Internal exceptions (20 events):
Event: 0.130 Thread 0x000001e2dd9b6470 Exception <a 'java/lang/ClassNotFoundException'{0x000000008b996620}: sun/awt/resources/spi/awtProvider> (0x000000008b996620) 
thrown [s\open\src\hotspot\share\classfile\systemDictionary.cpp, line 305]
Event: 0.149 Thread 0x000001e2dd9b6470 Exception <a 'java/io/FileNotFoundException'{0x000000008b9ecce8}> (0x000000008b9ecce8) 
thrown [s\open\src\hotspot\share\prims\jni.cpp, line 519]
Event: 0.155 Thread 0x000001e2dd9b6470 Exception <a 'java/io/FileNotFoundException'{0x000000008b8173d0}> (0x000000008b8173d0) 
thrown [s\open\src\hotspot\share\prims\jni.cpp, line 519]
Event: 0.214 Thread 0x000001e2dd9b6470 Exception <a 'java/lang/NoSuchMethodError'{0x000000008b72d990}: 'void java.lang.invoke.DirectMethodHandle$Holder.invokeSpecial(java.lang.Object, java.lang.Object, java.lang.Object)'> (0x000000008b72d990) 
thrown [s\open\src\hotspot\share\interpreter\linkResolver.cpp, line 773]
Event: 0.221 Thread 0x000001e2dd9b6470 Exception <a 'java/lang/NoSuchMethodError'{0x000000008b7580e0}: 'java.lang.Object java.lang.invoke.DirectMethodHandle$Holder.newInvokeSpecial(java.lang.Object, java.lang.Object, java.lang.Object, java.lang.Object, java.lang.Object)'> (0x000000008b7580e0) 
thrown [s\open\src\hotspot\share\interpreter\linkResolver.cpp, line 773]
Event: 0.225 Thread 0x000001e2dd9b6470 Exception <a 'java/lang/NoSuchMethodError'{0x000000008b788bf0}: 'java.lang.Object java.lang.invoke.DirectMethodHandle$Holder.invokeStatic(java.lang.Object, int, java.lang.Object)'> (0x000000008b788bf0) 
thrown [s\open\src\hotspot\share\interpreter\linkResolver.cpp, line 773]
Event: 0.244 Thread 0x000001e2dd9b6470 Exception <a 'java/lang/ClassNotFoundException'{0x000000008b6441f8}: com/sun/swing/internal/plaf/metal/resources/spi/metalProvider> (0x000000008b6441f8) 
thrown [s\open\src\hotspot\share\classfile\systemDictionary.cpp, line 305]
Event: 0.245 Thread 0x000001e2dd9b6470 Exception <a 'java/lang/ClassNotFoundException'{0x000000008b648108}: com/sun/swing/internal/plaf/basic/resources/spi/basicProvider> (0x000000008b648108) 
thrown [s\open\src\hotspot\share\classfile\systemDictionary.cpp, line 305]
Event: 0.253 Thread 0x000001e2dd9b6470 Exception <a 'java/lang/NoSuchMethodError'{0x000000008b6672d8}: 'int java.lang.invoke.Invokers$Holder.invokeExact_MT(java.lang.Object, java.lang.Object)'> (0x000000008b6672d8) 
thrown [s\open\src\hotspot\share\interpreter\linkResolver.cpp, line 773]
Event: 0.305 Thread 0x000001e2dd9b6470 Exception <a 'java/lang/NoSuchMethodError'{0x000000008b59a000}: 'java.lang.Object java.lang.invoke.DirectMethodHandle$Holder.invokeInterface(java.lang.Object, java.lang.Object)'> (0x000000008b59a000) 
thrown [s\open\src\hotspot\share\interpreter\linkResolver.cpp, line 773]
Event: 0.326 Thread 0x000001e2dd9b6470 Exception <a 'java/lang/NoSuchMethodError'{0x000000008b414e50}: 'void java.lang.invoke.DirectMethodHandle$Holder.invokeStatic(java.lang.Object, java.lang.Object, java.lang.Object)'> (0x000000008b414e50) 
thrown [s\open\src\hotspot\share\interpreter\linkResolver.cpp, line 773]
Event: 0.327 Thread 0x000001e2dd9b6470 Exception <a 'java/lang/NoSuchMethodError'{0x000000008b41e960}: 'java.lang.Object java.lang.invoke.DirectMethodHandle$Holder.invokeVirtual(java.lang.Object, java.lang.Object, java.lang.Object)'> (0x000000008b41e960) 
thrown [s\open\src\hotspot\share\interpreter\linkResolver.cpp, line 773]
Event: 0.406 Thread 0x000001e2dd9b6470 Exception <a 'java/lang/NoSuchMethodError'{0x000000008b126330}: 'void java.lang.invoke.DirectMethodHandle$Holder.invokeStatic(java.lang.Object, java.lang.Object)'> (0x000000008b126330) 
thrown [s\open\src\hotspot\share\interpreter\linkResolver.cpp, line 773]
Event: 0.490 Thread 0x000001e2dd9b6470 Exception <a 'java/lang/NoSuchMethodError'{0x000000008afd8060}: 'void java.lang.invoke.DirectMethodHandle$Holder.invokeStaticInit(java.lang.Object, java.lang.Object)'> (0x000000008afd8060) 
thrown [s\open\src\hotspot\share\interpreter\linkResolver.cpp, line 773]
Event: 0.537 Thread 0x000001e2dd9b6470 Exception <a 'sun/nio/fs/WindowsException'{0x000000008ad094c8}> (0x000000008ad094c8) 
thrown [s\open\src\hotspot\share\prims\jni.cpp, line 519]
Event: 0.566 Thread 0x000001e2dd9b6470 Exception <a 'java/lang/NoSuchMethodError'{0x000000008adbc678}: 'java.lang.Object java.lang.invoke.DirectMethodHandle$Holder.invokeStaticInit(java.lang.Object, int, int, int, int)'> (0x000000008adbc678) 
thrown [s\open\src\hotspot\share\interpreter\linkResolver.cpp, line 773]
Event: 0.607 Thread 0x000001e2dd9b6470 Exception <a 'java/lang/NoSuchMethodError'{0x000000008ac8c1b8}: 'java.lang.Object java.lang.invoke.DirectMethodHandle$Holder.invokeStaticInit(java.lang.Object, java.lang.Object, int, int, int, int)'> (0x000000008ac8c1b8) 
thrown [s\open\src\hotspot\share\interpreter\linkResolver.cpp, line 773]
Event: 0.646 Thread 0x000001e2dd9b6470 Exception <a 'java/lang/NoSuchMethodError'{0x000000008ab12d20}: 'int java.lang.invoke.DirectMethodHandle$Holder.invokeSpecial(java.lang.Object, java.lang.Object, java.lang.Object)'> (0x000000008ab12d20) 
thrown [s\open\src\hotspot\share\interpreter\linkResolver.cpp, line 773]
Event: 0.731 Thread 0x000001e2dd9b6470 Implicit null exception at 0x000001e2ed5ca77a to 0x000001e2ed5ca8fc
Event: 0.735 Thread 0x000001e2dd9b6470 Exception <a 'java/lang/NoSuchMethodError'{0x000000008aa1d030}: 'void java.lang.invoke.DirectMethodHandle$Holder.invokeVirtual(java.lang.Object, java.lang.Object)'> (0x000000008aa1d030) 
thrown [s\open\src\hotspot\share\interpreter\linkResolver.cpp, line 773]

VM Operations (10 events):
Event: 0.096 Executing VM operation: HandshakeAllThreads
Event: 0.096 Executing VM operation: HandshakeAllThreads done
Event: 0.261 Executing VM operation: HandshakeAllThreads
Event: 0.261 Executing VM operation: HandshakeAllThreads done
Event: 0.287 Executing VM operation: HandshakeAllThreads
Event: 0.287 Executing VM operation: HandshakeAllThreads done
Event: 0.391 Executing VM operation: HandshakeAllThreads
Event: 0.391 Executing VM operation: HandshakeAllThreads done
Event: 0.557 Executing VM operation: ICBufferFull
Event: 0.558 Executing VM operation: ICBufferFull done

Events (16 events):
Event: 0.028 Thread 0x000001e2dd9b6470 Thread added: 0x000001e2dd9b6470
Event: 0.042 Thread 0x000001e2fa2ce620 Thread added: 0x000001e2fa2ce620
Event: 0.042 Thread 0x000001e2fa2cfb20 Thread added: 0x000001e2fa2cfb20
Event: 0.042 Thread 0x000001e2fa2d37b0 Thread added: 0x000001e2fa2d37b0
Event: 0.042 Thread 0x000001e2fa2d5350 Thread added: 0x000001e2fa2d5350
Event: 0.042 Thread 0x000001e2fa2d6d90 Thread added: 0x000001e2fa2d6d90
Event: 0.042 Thread 0x000001e2fa2df900 Thread added: 0x000001e2fa2df900
Event: 0.042 Thread 0x000001e2fa2e2bb0 Thread added: 0x000001e2fa2e2bb0
Event: 0.043 Thread 0x000001e2fa2eb4a0 Thread added: 0x000001e2fa2eb4a0
Event: 0.080 Thread 0x000001e2fe5d0e60 Thread added: 0x000001e2fe5d0e60
Event: 0.108 Thread 0x000001e2fe5d28f0 Thread added: 0x000001e2fe5d28f0
Event: 0.117 Thread 0x000001e2fa2e98d0 Thread added: 0x000001e2fa2e98d0
Event: 0.187 Thread 0x000001e2fe5d13b0 Thread added: 0x000001e2fe5d13b0
Event: 0.188 Thread 0x000001e2fe5d1900 Thread added: 0x000001e2fe5d1900
Event: 0.189 Thread 0x000001e2fe5d1e50 Thread added: 0x000001e2fe5d1e50
Event: 0.277 Thread 0x000001e2fe5d23a0 Thread added: 0x000001e2fe5d23a0


Dynamic libraries:
0x00007ff6896b0000 - 0x00007ff6896c0000 	C:\Program Files\Java\jdk-20\bin\java.exe
0x00007ffaa3b10000 - 0x00007ffaa3d27000 	C:\WINDOWS\SYSTEM32\ntdll.dll
0x00007ffaa1db0000 - 0x00007ffaa1e74000 	C:\WINDOWS\System32\KERNEL32.DLL
0x00007ffaa1080000 - 0x00007ffaa1426000 	C:\WINDOWS\System32\KERNELBASE.dll
0x00007ffaa15d0000 - 0x00007ffaa16e1000 	C:\WINDOWS\System32\ucrtbase.dll
0x00007ffa75d10000 - 0x00007ffa75d29000 	C:\Program Files\Java\jdk-20\bin\jli.dll
0x00007ffa84320000 - 0x00007ffa8433b000 	C:\Program Files\Java\jdk-20\bin\VCRUNTIME140.dll
0x00007ffaa1860000 - 0x00007ffaa1911000 	C:\WINDOWS\System32\ADVAPI32.dll
0x00007ffaa1e80000 - 0x00007ffaa1f27000 	C:\WINDOWS\System32\msvcrt.dll
0x00007ffaa3520000 - 0x00007ffaa35c5000 	C:\WINDOWS\System32\sechost.dll
0x00007ffaa3190000 - 0x00007ffaa32a7000 	C:\WINDOWS\System32\RPCRT4.dll
0x00007ffaa3340000 - 0x00007ffaa34ee000 	C:\WINDOWS\System32\USER32.dll
0x00007ffaa0fe0000 - 0x00007ffaa1006000 	C:\WINDOWS\System32\win32u.dll
0x00007ffaa3310000 - 0x00007ffaa3339000 	C:\WINDOWS\System32\GDI32.dll
0x00007ffaa1430000 - 0x00007ffaa1548000 	C:\WINDOWS\System32\gdi32full.dll
0x00007ffaa0f40000 - 0x00007ffaa0fda000 	C:\WINDOWS\System32\msvcp_win.dll
0x00007ffa823a0000 - 0x00007ffa82633000 	C:\WINDOWS\WinSxS\amd64_microsoft.windows.common-controls_6595b64144ccf1df_6.0.22621.2506_none_270c5ae97388e100\COMCTL32.dll
0x00007ffa95e00000 - 0x00007ffa95e0a000 	C:\WINDOWS\SYSTEM32\VERSION.dll
0x00007ffaa1bc0000 - 0x00007ffaa1bf1000 	C:\WINDOWS\System32\IMM32.DLL
0x00007ffa84340000 - 0x00007ffa8434c000 	C:\Program Files\Java\jdk-20\bin\vcruntime140_1.dll
0x00007ffa6e580000 - 0x00007ffa6e60e000 	C:\Program Files\Java\jdk-20\bin\msvcp140.dll
0x00007ffa1f440000 - 0x00007ffa200d8000 	C:\Program Files\Java\jdk-20\bin\server\jvm.dll
0x00007ffa99260000 - 0x00007ffa99294000 	C:\WINDOWS\SYSTEM32\WINMM.dll
0x00007ffa992a0000 - 0x00007ffa992a9000 	C:\WINDOWS\SYSTEM32\WSOCK32.dll
0x00007ffaa30f0000 - 0x00007ffaa3161000 	C:\WINDOWS\System32\WS2_32.dll
0x00007ffa9fe80000 - 0x00007ffa9fe98000 	C:\WINDOWS\SYSTEM32\kernel.appcore.dll
0x00007ffa841b0000 - 0x00007ffa841ba000 	C:\Program Files\Java\jdk-20\bin\jimage.dll
0x00007ffa9e660000 - 0x00007ffa9e893000 	C:\WINDOWS\SYSTEM32\DBGHELP.DLL
0x00007ffaa21c0000 - 0x00007ffaa2549000 	C:\WINDOWS\System32\combase.dll
0x00007ffaa1fe0000 - 0x00007ffaa20b7000 	C:\WINDOWS\System32\OLEAUT32.dll
0x00007ffa88360000 - 0x00007ffa88392000 	C:\WINDOWS\SYSTEM32\dbgcore.DLL
0x00007ffaa1550000 - 0x00007ffaa15ca000 	C:\WINDOWS\System32\bcryptPrimitives.dll
0x00007ffa81dd0000 - 0x00007ffa81df6000 	C:\Program Files\Java\jdk-20\bin\java.dll
0x00007ffa6e7b0000 - 0x00007ffa6e887000 	C:\Program Files\Java\jdk-20\bin\jsvml.dll
0x00007ffaa25c0000 - 0x00007ffaa2e1a000 	C:\WINDOWS\System32\SHELL32.dll
0x00007ffa9eda0000 - 0x00007ffa9f696000 	C:\WINDOWS\SYSTEM32\windows.storage.dll
0x00007ffa9ec60000 - 0x00007ffa9ed9e000 	C:\WINDOWS\SYSTEM32\wintypes.dll
0x00007ffaa1ac0000 - 0x00007ffaa1bb3000 	C:\WINDOWS\System32\SHCORE.dll
0x00007ffaa32b0000 - 0x00007ffaa330e000 	C:\WINDOWS\System32\shlwapi.dll
0x00007ffaa0db0000 - 0x00007ffaa0dd6000 	C:\WINDOWS\SYSTEM32\profapi.dll
0x00007ffa80c00000 - 0x00007ffa80c13000 	C:\Program Files\Java\jdk-20\bin\net.dll
0x00007ffa9b380000 - 0x00007ffa9b4b7000 	C:\WINDOWS\SYSTEM32\WINHTTP.dll
0x00007ffaa0300000 - 0x00007ffaa0369000 	C:\WINDOWS\system32\mswsock.dll
0x00007ffa7f020000 - 0x00007ffa7f036000 	C:\Program Files\Java\jdk-20\bin\nio.dll
0x00007ffa7dbf0000 - 0x00007ffa7dc08000 	C:\Program Files\Java\jdk-20\bin\zip.dll
0x00007ffa6e610000 - 0x00007ffa6e7a1000 	C:\Program Files\Java\jdk-20\bin\awt.dll
0x00007ffa9dd40000 - 0x00007ffa9ddd7000 	C:\WINDOWS\SYSTEM32\apphelp.dll
0x00007ffa9e160000 - 0x00007ffa9e18b000 	C:\WINDOWS\system32\DWMAPI.DLL
0x00007ffa9ded0000 - 0x00007ffa9df7b000 	C:\WINDOWS\system32\uxtheme.dll
0x00007ffa6eb90000 - 0x00007ffa6ec90000 	C:\WINDOWS\system32\opengl32.dll
0x00007ffa841c0000 - 0x00007ffa841ed000 	C:\WINDOWS\SYSTEM32\GLU32.dll
0x00007ffa9dff0000 - 0x00007ffa9e026000 	C:\WINDOWS\SYSTEM32\dxcore.dll
0x00007ffaa1970000 - 0x00007ffaa1ac0000 	C:\WINDOWS\System32\MSCTF.dll
0x00007ffaa1c10000 - 0x00007ffaa1db0000 	C:\WINDOWS\System32\ole32.dll
0x00007ffa9f970000 - 0x00007ffa9fa69000 	C:\WINDOWS\SYSTEM32\DNSAPI.dll
0x00007ffa9f900000 - 0x00007ffa9f92d000 	C:\WINDOWS\SYSTEM32\IPHLPAPI.DLL
0x00007ffaa30e0000 - 0x00007ffaa30e9000 	C:\WINDOWS\System32\NSI.dll
0x00007ffa940a0000 - 0x00007ffa940aa000 	C:\Windows\System32\rasadhlp.dll
0x00007ffa95e90000 - 0x00007ffa95f13000 	C:\WINDOWS\System32\fwpuclnt.dll
0x00007ffa7f010000 - 0x00007ffa7f017000 	C:\Program Files\Java\jdk-20\bin\extnet.dll
0x00007ffaa0560000 - 0x00007ffaa057b000 	C:\WINDOWS\SYSTEM32\CRYPTSP.dll
0x00007ffa9fde0000 - 0x00007ffa9fe15000 	C:\WINDOWS\system32\rsaenh.dll
0x00007ffaa03f0000 - 0x00007ffaa041c000 	C:\WINDOWS\SYSTEM32\USERENV.dll
0x00007ffaa0740000 - 0x00007ffaa0768000 	C:\WINDOWS\SYSTEM32\bcrypt.dll
0x00007ffaa0550000 - 0x00007ffaa055c000 	C:\WINDOWS\SYSTEM32\CRYPTBASE.dll
0x00007ffa9b300000 - 0x00007ffa9b319000 	C:\WINDOWS\SYSTEM32\dhcpcsvc6.DLL
0x00007ffa9ab40000 - 0x00007ffa9ab5f000 	C:\WINDOWS\SYSTEM32\dhcpcsvc.DLL
0x00007ffa7b2c0000 - 0x00007ffa7b2ce000 	C:\Program Files\Java\jdk-20\bin\sunmscapi.dll
0x00007ffaa16f0000 - 0x00007ffaa1856000 	C:\WINDOWS\System32\CRYPT32.dll
0x00007ffaa0710000 - 0x00007ffaa073d000 	C:\WINDOWS\SYSTEM32\ncrypt.dll
0x00007ffaa06d0000 - 0x00007ffaa0707000 	C:\WINDOWS\SYSTEM32\NTASN1.dll

dbghelp: loaded successfully - version: 4.0.5 - missing functions: none
symbol engine: initialized successfully - sym options: 0x614 - pdb path: .;C:\Program Files\Java\jdk-20\bin;C:\WINDOWS\SYSTEM32;C:\WINDOWS\WinSxS\amd64_microsoft.windows.common-controls_6595b64144ccf1df_6.0.22621.2506_none_270c5ae97388e100;C:\Program Files\Java\jdk-20\bin\server

VM Arguments:
jvm_args: -Dfile.encoding=UTF-8 --module-path=C:\Users\hp\OneDrive\Documents\NetBeansProjects\HotelManagementSystem\build\classes 
java_command: hotelmanagementsystem.Rooms
java_class_path (initial): C:\Users\hp\OneDrive\Desktop\sanmay\mysql-connector-j-8.2.0\mysql-connector-j-8.2.0.jar;C:\Users\hp\OneDrive\Desktop\sanmay\rs2xml.jar;C:\Users\hp\OneDrive\Documents\NetBeansProjects\HotelManagementSystem\build\classes
Launcher Type: SUN_STANDARD

[Global flags]
     intx CICompilerCount                          = 4                                         {product} {ergonomic}
     uint ConcGCThreads                            = 2                                         {product} {ergonomic}
     uint G1ConcRefinementThreads                  = 8                                         {product} {ergonomic}
   size_t G1HeapRegionSize                         = 1048576                                   {product} {ergonomic}
    uintx GCDrainStackTargetSize                   = 64                                        {product} {ergonomic}
   size_t InitialHeapSize                          = 132120576                                 {product} {ergonomic}
   size_t MarkStackSize                            = 4194304                                   {product} {ergonomic}
   size_t MaxHeapSize                              = 2082471936                                {product} {ergonomic}
   size_t MaxNewSize                               = 1248854016                                {product} {ergonomic}
   size_t MinHeapDeltaBytes                        = 1048576                                   {product} {ergonomic}
   size_t MinHeapSize                              = 8388608                                   {product} {ergonomic}
    uintx NonNMethodCodeHeapSize                   = 5839372                                {pd product} {ergonomic}
    uintx NonProfiledCodeHeapSize                  = 122909434                              {pd product} {ergonomic}
    uintx ProfiledCodeHeapSize                     = 122909434                              {pd product} {ergonomic}
    uintx ReservedCodeCacheSize                    = 251658240                              {pd product} {ergonomic}
     bool SegmentedCodeCache                       = true                                      {product} {ergonomic}
   size_t SoftMaxHeapSize                          = 2082471936                             {manageable} {ergonomic}
     bool UseCompressedClassPointers               = true                           {product lp64_product} {ergonomic}
     bool UseCompressedOops                        = true                           {product lp64_product} {ergonomic}
     bool UseG1GC                                  = true                                      {product} {ergonomic}
     bool UseLargePagesIndividualAllocation        = false                                  {pd product} {ergonomic}

Logging:
Log output configuration:
 #0: stdout all=warning uptime,level,tags foldmultilines=false
 #1: stderr all=off uptime,level,tags foldmultilines=false

Environment Variables:
CLASSPATH="C:\Users\hp\OneDrive\Desktop\SQL\mysql-connector-j-8.2.0.jar.;";
PATH=C:\Program Files\Common Files\Oracle\Java\javapath;C:\WINDOWS\system32;C:\WINDOWS;C:\WINDOWS\System32\Wbem;C:\WINDOWS\System32\WindowsPowerShell\v1.0\;C:\WINDOWS\System32\OpenSSH\;C:\MinGW\bin;C:\Program Files\Java\jdk-20\bin;C:\Program Files\MySQL\MySQL Shell 8.0\bin\;C:\Users\hp\AppData\Local\Microsoft\WindowsApps;;C:\Users\hp\AppData\Local\Programs\Microsoft VS Code\bin
USERNAME=hp
OS=Windows_NT
PROCESSOR_IDENTIFIER=Intel64 Family 6 Model 140 Stepping 2, GenuineIntel
TMP=C:\Users\hp\AppData\Local\Temp
TEMP=C:\Users\hp\AppData\Local\Temp




---------------  S Y S T E M  ---------------

OS:
 Windows 11 , 64 bit Build 22621 (10.0.22621.2506)
OS uptime: 1 days 23:07 hours

CPU: total 8 (initial active 8) (4 cores per cpu, 2 threads per core) family 6 model 140 stepping 2 microcode 0x2c, cx8, cmov, fxsr, ht, mmx, 3dnowpref, sse, sse2, sse3, ssse3, sse4.1, sse4.2, popcnt, lzcnt, tsc, tscinvbit, avx, avx2, aes, erms, clmul, bmi1, bmi2, adx, avx512f, avx512dq, avx512cd, avx512bw, avx512vl, sha, fma, vzeroupper, avx512_vpopcntdq, avx512_vpclmulqdq, avx512_vaes, avx512_vnni, clflush, clflushopt, clwb, avx512_vbmi2, avx512_vbmi, rdtscp, rdpid, fsrm, gfni, avx512_bitalg, f16c, pku, cet_ibt, cet_ss, avx512_ifma

Memory: 4k page, system-wide physical 7941M (420M free)
TotalPageFile size 32517M (AvailPageFile size 5M)
current process WorkingSet (physical memory assigned to process): 86M, peak: 86M
current process commit charge ("private bytes"): 233M, peak: 233M

vm_info: Java HotSpot(TM) 64-Bit Server VM (20.0.2+9-78) for windows-amd64 JRE (20.0.2+9-78), built on 2023-06-14T10:08:48Z by "mach5one" with MS VC++ 17.1 (VS2022)

END.
