#
# There is insufficient memory for the Java Runtime Environment to continue.
# Native memory allocation (mmap) failed to map 132120576 bytes for G1 virtual space
# Possible reasons:
#   The system is out of physical RAM or swap space
#   The process is running with CompressedOops enabled, and the Java Heap may be blocking the growth of the native heap
# Possible solutions:
#   Reduce memory load on the system
#   Increase physical memory or swap space
#   Check if swap backing store is full
#   Decrease Java heap size (-Xmx/-Xms)
#   Decrease number of Java threads
#   Decrease Java thread stack sizes (-Xss)
#   Set larger code cache with -XX:ReservedCodeCacheSize=
#   JVM is running with Unscaled Compressed Oops mode in which the Java heap is
#     placed in the first 4GB address space. The Java Heap base address is the
#     maximum limit for the native heap growth. Please use -XX:HeapBaseMinAddress
#     to set the Java Heap base and to place the Java Heap above 4GB virtual address.
# This output file may be truncated or incomplete.
#
#  Out of Memory Error (os_windows.cpp:3528), pid=10184, tid=22616
#
# JRE version:  (20.0.2+9) (build )
# Java VM: Java HotSpot(TM) 64-Bit Server VM (20.0.2+9-78, mixed mode, sharing, tiered, compressed oops, compressed class ptrs, g1 gc, windows-amd64)
# No core dump will be written. Minidumps are not enabled by default on client versions of Windows
#

---------------  S U M M A R Y ------------

Command Line: -Dfile.encoding=UTF-8 --module-path=C:\Users\hp\OneDrive\Documents\NetBeansProjects\HotelManagementSystem\build\classes hotelmanagementsystem.AddEmployee

Host: 11th Gen Intel(R) Core(TM) i5-1155G7 @ 2.50GHz, 8 cores, 7G,  Windows 11 , 64 bit Build 22621 (10.0.22621.2506)
Time: Tue Jan 16 01:24:10 2024 India Standard Time elapsed time: 0.016211 seconds (0d 0h 0m 0s)

---------------  T H R E A D  ---------------

Current thread (0x0000029939ce6300):  JavaThread "Unknown thread" [_thread_in_vm, id=22616, stack(0x000000f5c5100000,0x000000f5c5200000)]

Stack: [0x000000f5c5100000,0x000000f5c5200000]
Native frames: (J=compiled Java code, j=interpreted, Vv=VM code, C=native code)
V  [jvm.dll+0x6bc25a]
V  [jvm.dll+0x84971a]
V  [jvm.dll+0x84b315]
V  [jvm.dll+0x84ba13]
V  [jvm.dll+0x280e4f]
V  [jvm.dll+0x6b8fe9]
V  [jvm.dll+0x6adbca]
V  [jvm.dll+0x35b165]
V  [jvm.dll+0x363386]
V  [jvm.dll+0x3b400e]
V  [jvm.dll+0x3b4295]
V  [jvm.dll+0x32b86a]
V  [jvm.dll+0x32c68b]
V  [jvm.dll+0x8123df]
V  [jvm.dll+0x3c1261]
V  [jvm.dll+0x7fe103]
V  [jvm.dll+0x44ccaf]
V  [jvm.dll+0x44e621]
C  [jli.dll+0x5287]
C  [ucrtbase.dll+0x29363]
C  [KERNEL32.DLL+0x1257d]
C  [ntdll.dll+0x5aa58]


---------------  P R O C E S S  ---------------

Threads class SMR info:
_java_thread_list=0x00007ff8de9db118, length=0, elements={
}

Java Threads: ( => current thread )

Other Threads:
  0x0000029939d47480 WorkerThread "GC Thread#0" [stack: 0x000000f5c5200000,0x000000f5c5300000] [id=34760]
  0x0000029939d57ae0 ConcurrentGCThread "G1 Main Marker" [stack: 0x000000f5c5300000,0x000000f5c5400000] [id=18912]
  0x0000029939d585c0 WorkerThread "G1 Conc#0" [stack: 0x000000f5c5400000,0x000000f5c5500000] [id=11512]

[error occurred during error reporting (printing all threads), id 0xc0000005, EXCEPTION_ACCESS_VIOLATION (0xc0000005) at pc=0x00007ff8de1beea7]
VM state: not at safepoint (not fully initialized)

VM Mutex/Monitor currently owned by a thread:  ([mutex/lock_event])
[0x0000029939ce3620] Heap_lock - owner thread: 0x0000029939ce6300

Heap address: 0x0000000083e00000, size: 1986 MB, Compressed Oops mode: 32-bit

CDS archive(s) mapped at: [0x0000000000000000-0x0000000000000000-0x0000000000000000), size 0, SharedBaseAddress: 0x0000000800000000, ArchiveRelocationMode: 1.
Narrow klass base: 0x0000000000000000, Narrow klass shift: 0, Narrow klass range: 0x0

GC Precious Log:
 CardTable entry size: 512
 Card Set container configuration: InlinePtr #cards 5 size 8 Array Of Cards #cards 12 size 40 Howl #buckets 4 coarsen threshold 1843 Howl Bitmap #cards 512 size 80 coarsen threshold 460 Card regions per heap region 1 cards per card region 2048

Heap:
 garbage-first heap   total 0K, used 0K [0x0000000083e00000, 0x0000000100000000)
  region size 1024K, 0 young (0K), 0 survivors (0K)

[error occurred during error reporting (printing heap information), id 0xc0000005, EXCEPTION_ACCESS_VIOLATION (0xc0000005) at pc=0x00007ff8de5947b9]
GC Heap History (0 events):
No events

Dll operation events (1 events):
Event: 0.009 Loaded shared library C:\Program Files\Java\jdk-20\bin\java.dll

Deoptimization events (0 events):
No events

Classes loaded (0 events):
No events

Classes unloaded (0 events):
No events

Classes redefined (0 events):
No events

Internal exceptions (0 events):
No events

VM Operations (0 events):
No events

Events (0 events):
No events


Dynamic libraries:
0x00007ff7a4f30000 - 0x00007ff7a4f40000 	C:\Program Files\Java\jdk-20\bin\java.exe
0x00007ff953ad0000 - 0x00007ff953ce7000 	C:\WINDOWS\SYSTEM32\ntdll.dll
0x00007ff952420000 - 0x00007ff9524e4000 	C:\WINDOWS\System32\KERNEL32.DLL
0x00007ff9512e0000 - 0x00007ff951686000 	C:\WINDOWS\System32\KERNELBASE.dll
0x00007ff9511c0000 - 0x00007ff9512d1000 	C:\WINDOWS\System32\ucrtbase.dll
0x00007ff947f20000 - 0x00007ff947f39000 	C:\Program Files\Java\jdk-20\bin\jli.dll
0x00007ff947f90000 - 0x00007ff947fab000 	C:\Program Files\Java\jdk-20\bin\VCRUNTIME140.dll
0x00007ff951df0000 - 0x00007ff951ea1000 	C:\WINDOWS\System32\ADVAPI32.dll
0x00007ff951c60000 - 0x00007ff951d07000 	C:\WINDOWS\System32\msvcrt.dll
0x00007ff9522b0000 - 0x00007ff952355000 	C:\WINDOWS\System32\sechost.dll
0x00007ff951ad0000 - 0x00007ff951be7000 	C:\WINDOWS\System32\RPCRT4.dll
0x00007ff953770000 - 0x00007ff95391e000 	C:\WINDOWS\System32\USER32.dll
0x00007ff950f60000 - 0x00007ff950f86000 	C:\WINDOWS\System32\win32u.dll
0x00007ff952570000 - 0x00007ff952599000 	C:\WINDOWS\System32\GDI32.dll
0x00007ff933c10000 - 0x00007ff933ea3000 	C:\WINDOWS\WinSxS\amd64_microsoft.windows.common-controls_6595b64144ccf1df_6.0.22621.2506_none_270c5ae97388e100\COMCTL32.dll
0x00007ff950e40000 - 0x00007ff950f58000 	C:\WINDOWS\System32\gdi32full.dll
0x00007ff951690000 - 0x00007ff95172a000 	C:\WINDOWS\System32\msvcp_win.dll
0x00007ff947d30000 - 0x00007ff947d3a000 	C:\WINDOWS\SYSTEM32\VERSION.dll
0x00007ff952360000 - 0x00007ff952391000 	C:\WINDOWS\System32\IMM32.DLL
0x00007ff947fd0000 - 0x00007ff947fdc000 	C:\Program Files\Java\jdk-20\bin\vcruntime140_1.dll
0x00007ff8f05c0000 - 0x00007ff8f064e000 	C:\Program Files\Java\jdk-20\bin\msvcp140.dll
0x00007ff8dde80000 - 0x00007ff8deb18000 	C:\Program Files\Java\jdk-20\bin\server\jvm.dll
0x00007ff947e10000 - 0x00007ff947e44000 	C:\WINDOWS\SYSTEM32\WINMM.dll
0x00007ff947fb0000 - 0x00007ff947fb9000 	C:\WINDOWS\SYSTEM32\WSOCK32.dll
0x00007ff9524f0000 - 0x00007ff952561000 	C:\WINDOWS\System32\WS2_32.dll
0x00007ff94fe40000 - 0x00007ff94fe58000 	C:\WINDOWS\SYSTEM32\kernel.appcore.dll
0x00007ff947f00000 - 0x00007ff947f0a000 	C:\Program Files\Java\jdk-20\bin\jimage.dll
0x00007ff94e1d0000 - 0x00007ff94e403000 	C:\WINDOWS\SYSTEM32\DBGHELP.DLL
0x00007ff951f20000 - 0x00007ff9522a9000 	C:\WINDOWS\System32\combase.dll
0x00007ff951d10000 - 0x00007ff951de7000 	C:\WINDOWS\System32\OLEAUT32.dll
0x00007ff92ce30000 - 0x00007ff92ce62000 	C:\WINDOWS\SYSTEM32\dbgcore.DLL
0x00007ff9517a0000 - 0x00007ff95181a000 	C:\WINDOWS\System32\bcryptPrimitives.dll
0x00007ff9359f0000 - 0x00007ff935a16000 	C:\Program Files\Java\jdk-20\bin\java.dll

dbghelp: loaded successfully - version: 4.0.5 - missing functions: none
symbol engine: initialized successfully - sym options: 0x614 - pdb path: .;C:\Program Files\Java\jdk-20\bin;C:\WINDOWS\SYSTEM32;C:\WINDOWS\WinSxS\amd64_microsoft.windows.common-controls_6595b64144ccf1df_6.0.22621.2506_none_270c5ae97388e100;C:\Program Files\Java\jdk-20\bin\server

VM Arguments:
jvm_args: -Dfile.encoding=UTF-8 --module-path=C:\Users\hp\OneDrive\Documents\NetBeansProjects\HotelManagementSystem\build\classes 
java_command: hotelmanagementsystem.AddEmployee
java_class_path (initial): C:\Users\hp\OneDrive\Desktop\sanmay\mysql-connector-j-8.2.0\mysql-connector-j-8.2.0.jar;C:\Users\hp\OneDrive\Documents\NetBeansProjects\HotelManagementSystem\build\classes
Launcher Type: SUN_STANDARD

[Global flags]
     intx CICompilerCount                          = 4                                         {product} {ergonomic}
     uint ConcGCThreads                            = 2                                         {product} {ergonomic}
     uint G1ConcRefinementThreads                  = 8                                         {product} {ergonomic}
   size_t G1HeapRegionSize                         = 1048576                                   {product} {ergonomic}
    uintx GCDrainStackTargetSize                   = 64                                        {product} {ergonomic}
   size_t InitialHeapSize                          = 132120576                                 {product} {ergonomic}
   size_t MarkStackSize                            = 4194304                                   {product} {ergonomic}
   size_t MaxHeapSize                              = 2082471936                                {product} {ergonomic}
   size_t MinHeapDeltaBytes                        = 1048576                                   {product} {ergonomic}
   size_t MinHeapSize                              = 8388608                                   {product} {ergonomic}
    uintx NonNMethodCodeHeapSize                   = 5839372                                {pd product} {ergonomic}
    uintx NonProfiledCodeHeapSize                  = 122909434                              {pd product} {ergonomic}
    uintx ProfiledCodeHeapSize                     = 122909434                              {pd product} {ergonomic}
    uintx ReservedCodeCacheSize                    = 251658240                              {pd product} {ergonomic}
     bool SegmentedCodeCache                       = true                                      {product} {ergonomic}
   size_t SoftMaxHeapSize                          = 2082471936                             {manageable} {ergonomic}
     bool UseCompressedClassPointers               = true                           {product lp64_product} {ergonomic}
     bool UseCompressedOops                        = true                           {product lp64_product} {ergonomic}
     bool UseG1GC                                  = true                                      {product} {ergonomic}
     bool UseLargePagesIndividualAllocation        = false                                  {pd product} {ergonomic}

Logging:
Log output configuration:
 #0: stdout all=warning uptime,level,tags foldmultilines=false
 #1: stderr all=off uptime,level,tags foldmultilines=false

Environment Variables:
CLASSPATH="C:\Users\hp\OneDrive\Desktop\SQL\mysql-connector-j-8.2.0.jar.;";
PATH=C:\Program Files\Common Files\Oracle\Java\javapath;C:\WINDOWS\system32;C:\WINDOWS;C:\WINDOWS\System32\Wbem;C:\WINDOWS\System32\WindowsPowerShell\v1.0\;C:\WINDOWS\System32\OpenSSH\;C:\MinGW\bin;C:\Program Files\Java\jdk-20\bin;C:\Program Files\MySQL\MySQL Shell 8.0\bin\;C:\Users\hp\AppData\Local\Microsoft\WindowsApps;;C:\Users\hp\AppData\Local\Programs\Microsoft VS Code\bin
USERNAME=hp
OS=Windows_NT
PROCESSOR_IDENTIFIER=Intel64 Family 6 Model 140 Stepping 2, GenuineIntel
TMP=C:\Users\hp\AppData\Local\Temp
TEMP=C:\Users\hp\AppData\Local\Temp




---------------  S Y S T E M  ---------------

OS:
 Windows 11 , 64 bit Build 22621 (10.0.22621.2506)
OS uptime: 9 days 12:10 hours

CPU: total 8 (initial active 8) (4 cores per cpu, 2 threads per core) family 6 model 140 stepping 2 microcode 0x2c, cx8, cmov, fxsr, ht, mmx, 3dnowpref, sse, sse2, sse3, ssse3, sse4.1, sse4.2, popcnt, lzcnt, tsc, tscinvbit, avx, avx2, aes, erms, clmul, bmi1, bmi2, adx, avx512f, avx512dq, avx512cd, avx512bw, avx512vl, sha, fma, vzeroupper, avx512_vpopcntdq, avx512_vpclmulqdq, avx512_vaes, avx512_vnni, clflush, clflushopt, clwb, avx512_vbmi2, avx512_vbmi, rdtscp, rdpid, fsrm, gfni, avx512_bitalg, f16c, pku, cet_ibt, cet_ss, avx512_ifma

Memory: 4k page, system-wide physical 7941M (442M free)
TotalPageFile size 32517M (AvailPageFile size 5M)
current process WorkingSet (physical memory assigned to process): 11M, peak: 11M
current process commit charge ("private bytes"): 60M, peak: 186M

vm_info: Java HotSpot(TM) 64-Bit Server VM (20.0.2+9-78) for windows-amd64 JRE (20.0.2+9-78), built on 2023-06-14T10:08:48Z by "mach5one" with MS VC++ 17.1 (VS2022)

END.
